This is pdfTeX, Version 3.14159265-2.6-1.40.16 (TeX Live 2015/Debian) (preloaded format=pdflatex 2015.11.17)  17 DEC 2015 18:03
entering extended mode
 restricted \write18 enabled.
 %&-line parsing enabled.
**bare_jrnl_comsoc.tex
(./bare_jrnl_comsoc.tex
LaTeX2e <2015/01/01>
Babel <3.9l> and hyphenation patterns for 79 languages loaded.
(./IEEEtran.cls
Document Class: IEEEtran 2015/08/26 V1.8b by Michael Shell
-- See the "IEEEtran_HOWTO" manual for usage information.
-- http://www.michaelshell.org/tex/ieeetran/
\@IEEEtrantmpdimenA=\dimen102
\@IEEEtrantmpdimenB=\dimen103
\@IEEEtrantmpdimenC=\dimen104
\@IEEEtrantmpcountA=\count79
\@IEEEtrantmpcountB=\count80
\@IEEEtrantmpcountC=\count81
\@IEEEtrantmptoksA=\toks14
LaTeX Font Info:    Try loading font information for OT1+ptm on input line 503.

(/usr/share/texlive/texmf-dist/tex/latex/psnfss/ot1ptm.fd
File: ot1ptm.fd 2001/06/04 font definitions for OT1/ptm.
)
-- Using IEEE Communications Society mode.
-- Using 8.5in x 11in (letter) paper.
-- Using PDF output.
\@IEEEnormalsizeunitybaselineskip=\dimen105
-- This is a 10 point document.
\CLASSINFOnormalsizebaselineskip=\dimen106
\CLASSINFOnormalsizeunitybaselineskip=\dimen107
\IEEEnormaljot=\dimen108
LaTeX Font Info:    Font shape `OT1/ptm/bx/n' in size <5> not available
(Font)              Font shape `OT1/ptm/b/n' tried instead on input line 1090.
LaTeX Font Info:    Font shape `OT1/ptm/bx/it' in size <5> not available
(Font)              Font shape `OT1/ptm/b/it' tried instead on input line 1090.

LaTeX Font Info:    Font shape `OT1/ptm/bx/n' in size <7> not available
(Font)              Font shape `OT1/ptm/b/n' tried instead on input line 1090.
LaTeX Font Info:    Font shape `OT1/ptm/bx/it' in size <7> not available
(Font)              Font shape `OT1/ptm/b/it' tried instead on input line 1090.

LaTeX Font Info:    Font shape `OT1/ptm/bx/n' in size <8> not available
(Font)              Font shape `OT1/ptm/b/n' tried instead on input line 1090.
LaTeX Font Info:    Font shape `OT1/ptm/bx/it' in size <8> not available
(Font)              Font shape `OT1/ptm/b/it' tried instead on input line 1090.

LaTeX Font Info:    Font shape `OT1/ptm/bx/n' in size <9> not available
(Font)              Font shape `OT1/ptm/b/n' tried instead on input line 1090.
LaTeX Font Info:    Font shape `OT1/ptm/bx/it' in size <9> not available
(Font)              Font shape `OT1/ptm/b/it' tried instead on input line 1090.

LaTeX Font Info:    Font shape `OT1/ptm/bx/n' in size <10> not available
(Font)              Font shape `OT1/ptm/b/n' tried instead on input line 1090.
LaTeX Font Info:    Font shape `OT1/ptm/bx/it' in size <10> not available
(Font)              Font shape `OT1/ptm/b/it' tried instead on input line 1090.

LaTeX Font Info:    Font shape `OT1/ptm/bx/n' in size <11> not available
(Font)              Font shape `OT1/ptm/b/n' tried instead on input line 1090.
LaTeX Font Info:    Font shape `OT1/ptm/bx/it' in size <11> not available
(Font)              Font shape `OT1/ptm/b/it' tried instead on input line 1090.

LaTeX Font Info:    Font shape `OT1/ptm/bx/n' in size <12> not available
(Font)              Font shape `OT1/ptm/b/n' tried instead on input line 1090.
LaTeX Font Info:    Font shape `OT1/ptm/bx/it' in size <12> not available
(Font)              Font shape `OT1/ptm/b/it' tried instead on input line 1090.

LaTeX Font Info:    Font shape `OT1/ptm/bx/n' in size <17> not available
(Font)              Font shape `OT1/ptm/b/n' tried instead on input line 1090.
LaTeX Font Info:    Font shape `OT1/ptm/bx/it' in size <17> not available
(Font)              Font shape `OT1/ptm/b/it' tried instead on input line 1090.

LaTeX Font Info:    Font shape `OT1/ptm/bx/n' in size <20> not available
(Font)              Font shape `OT1/ptm/b/n' tried instead on input line 1090.
LaTeX Font Info:    Font shape `OT1/ptm/bx/it' in size <20> not available
(Font)              Font shape `OT1/ptm/b/it' tried instead on input line 1090.

LaTeX Font Info:    Font shape `OT1/ptm/bx/n' in size <24> not available
(Font)              Font shape `OT1/ptm/b/n' tried instead on input line 1090.
LaTeX Font Info:    Font shape `OT1/ptm/bx/it' in size <24> not available
(Font)              Font shape `OT1/ptm/b/it' tried instead on input line 1090.

\IEEEquantizedlength=\dimen109
\IEEEquantizedlengthdiff=\dimen110
\IEEEquantizedtextheightdiff=\dimen111
\IEEEilabelindentA=\dimen112
\IEEEilabelindentB=\dimen113
\IEEEilabelindent=\dimen114
\IEEEelabelindent=\dimen115
\IEEEdlabelindent=\dimen116
\IEEElabelindent=\dimen117
\IEEEiednormlabelsep=\dimen118
\IEEEiedmathlabelsep=\dimen119
\IEEEiedtopsep=\skip41
\c@section=\count82
\c@subsection=\count83
\c@subsubsection=\count84
\c@paragraph=\count85
\c@IEEEsubequation=\count86
\abovecaptionskip=\skip42
\belowcaptionskip=\skip43
\c@figure=\count87
\c@table=\count88
\@IEEEeqnnumcols=\count89
\@IEEEeqncolcnt=\count90
\@IEEEsubeqnnumrollback=\count91
\@IEEEquantizeheightA=\dimen120
\@IEEEquantizeheightB=\dimen121
\@IEEEquantizeheightC=\dimen122
\@IEEEquantizeprevdepth=\dimen123
\@IEEEquantizemultiple=\count92
\@IEEEquantizeboxA=\box26
\@IEEEtmpitemindent=\dimen124
\IEEEPARstartletwidth=\dimen125
\c@IEEEbiography=\count93
\@IEEEtranrubishbin=\box27
) (/usr/share/texlive/texmf-dist/tex/latex/base/fontenc.sty
Package: fontenc 2005/09/27 v1.99g Standard LaTeX package

(/usr/share/texlive/texmf-dist/tex/latex/base/t1enc.def
File: t1enc.def 2005/09/27 v1.99g Standard LaTeX file
LaTeX Font Info:    Redeclaring font encoding T1 on input line 48.
)
LaTeX Font Info:    Try loading font information for T1+ptm on input line 105.

(/usr/share/texlive/texmf-dist/tex/latex/psnfss/t1ptm.fd
File: t1ptm.fd 2001/06/04 font definitions for T1/ptm.
))
(/usr/share/texlive/texmf-dist/tex/latex/graphics/graphicx.sty
Package: graphicx 2014/10/28 v1.0g Enhanced LaTeX Graphics (DPC,SPQR)

(/usr/share/texlive/texmf-dist/tex/latex/graphics/keyval.sty
Package: keyval 2014/10/28 v1.15 key=value parser (DPC)
\KV@toks@=\toks15
)
(/usr/share/texlive/texmf-dist/tex/latex/graphics/graphics.sty
Package: graphics 2014/10/28 v1.0p Standard LaTeX Graphics (DPC,SPQR)

(/usr/share/texlive/texmf-dist/tex/latex/graphics/trig.sty
Package: trig 1999/03/16 v1.09 sin cos tan (DPC)
)
(/usr/share/texlive/texmf-dist/tex/latex/latexconfig/graphics.cfg
File: graphics.cfg 2010/04/23 v1.9 graphics configuration of TeX Live
)
Package graphics Info: Driver file: pdftex.def on input line 94.

(/usr/share/texlive/texmf-dist/tex/latex/pdftex-def/pdftex.def
File: pdftex.def 2011/05/27 v0.06d Graphics/color for pdfTeX

(/usr/share/texlive/texmf-dist/tex/generic/oberdiek/infwarerr.sty
Package: infwarerr 2010/04/08 v1.3 Providing info/warning/error messages (HO)
)
(/usr/share/texlive/texmf-dist/tex/generic/oberdiek/ltxcmds.sty
Package: ltxcmds 2011/11/09 v1.22 LaTeX kernel commands for general use (HO)
)
\Gread@gobject=\count94
))
\Gin@req@height=\dimen126
\Gin@req@width=\dimen127
)
(/usr/share/texlive/texmf-dist/tex/latex/amsmath/amsmath.sty
Package: amsmath 2013/01/14 v2.14 AMS math features
\@mathmargin=\skip44

For additional information on amsmath, use the `?' option.
(/usr/share/texlive/texmf-dist/tex/latex/amsmath/amstext.sty
Package: amstext 2000/06/29 v2.01

(/usr/share/texlive/texmf-dist/tex/latex/amsmath/amsgen.sty
File: amsgen.sty 1999/11/30 v2.0
\@emptytoks=\toks16
\ex@=\dimen128
))
(/usr/share/texlive/texmf-dist/tex/latex/amsmath/amsbsy.sty
Package: amsbsy 1999/11/29 v1.2d
\pmbraise@=\dimen129
)
(/usr/share/texlive/texmf-dist/tex/latex/amsmath/amsopn.sty
Package: amsopn 1999/12/14 v2.01 operator names
)
\inf@bad=\count95
LaTeX Info: Redefining \frac on input line 210.
\uproot@=\count96
\leftroot@=\count97
LaTeX Info: Redefining \overline on input line 306.
\classnum@=\count98
\DOTSCASE@=\count99
LaTeX Info: Redefining \ldots on input line 378.
LaTeX Info: Redefining \dots on input line 381.
LaTeX Info: Redefining \cdots on input line 466.
\Mathstrutbox@=\box28
\strutbox@=\box29
\big@size=\dimen130
LaTeX Font Info:    Redeclaring font encoding OML on input line 566.
LaTeX Font Info:    Redeclaring font encoding OMS on input line 567.
\macc@depth=\count100
\c@MaxMatrixCols=\count101
\dotsspace@=\muskip10
\c@parentequation=\count102
\dspbrk@lvl=\count103
\tag@help=\toks17
\row@=\count104
\column@=\count105
\maxfields@=\count106
\andhelp@=\toks18
\eqnshift@=\dimen131
\alignsep@=\dimen132
\tagshift@=\dimen133
\tagwidth@=\dimen134
\totwidth@=\dimen135
\lineht@=\dimen136
\@envbody=\toks19
\multlinegap=\skip45
\multlinetaggap=\skip46
\mathdisplay@stack=\toks20
LaTeX Info: Redefining \[ on input line 2665.
LaTeX Info: Redefining \] on input line 2666.
)
(/usr/share/texlive/texmf-dist/tex/latex/newtx/newtxmath.sty
Package: newtxmath 2015/08/08 v1.452

`newtxmath' v1.452, 2015/08/08 Math macros based on txfonts (msharpe)
(/usr/share/texlive/texmf-dist/tex/generic/ifxetex/ifxetex.sty
Package: ifxetex 2010/09/12 v0.6 Provides ifxetex conditional
)
(/usr/share/texlive/texmf-dist/tex/generic/oberdiek/ifluatex.sty
Package: ifluatex 2010/03/01 v1.3 Provides the ifluatex switch (HO)
Package ifluatex Info: LuaTeX not detected.
)
(/usr/share/texlive/texmf-dist/tex/latex/xkeyval/xkeyval.sty
Package: xkeyval 2014/12/03 v2.7a package option processing (HA)

(/usr/share/texlive/texmf-dist/tex/generic/xkeyval/xkeyval.tex
(/usr/share/texlive/texmf-dist/tex/generic/xkeyval/xkvutils.tex
\XKV@toks=\toks21
\XKV@tempa@toks=\toks22
)
\XKV@depth=\count107
File: xkeyval.tex 2014/12/03 v2.7a key=value parser (HA)
))
(/usr/share/texlive/texmf-dist/tex/generic/kastrup/binhex.tex)
\tx@Isdigit=\count108
LaTeX Font Info:    Redeclaring symbol font `operators' on input line 118.
LaTeX Font Info:    Overwriting symbol font `operators' in version `normal'
(Font)                  OT1/cmr/m/n --> OT1/ntxtlf/m/n on input line 118.
LaTeX Font Info:    Overwriting symbol font `operators' in version `bold'
(Font)                  OT1/cmr/bx/n --> OT1/ntxtlf/m/n on input line 118.
LaTeX Font Info:    Overwriting symbol font `operators' in version `bold'
(Font)                  OT1/ntxtlf/m/n --> OT1/ntxtlf/b/n on input line 119.
LaTeX Font Info:    Redeclaring math alphabet \mathsf on input line 125.
LaTeX Font Info:    Overwriting math alphabet `\mathsf' in version `normal'
(Font)                  OT1/cmss/m/n --> T1/phv/m/n on input line 125.
LaTeX Font Info:    Overwriting math alphabet `\mathsf' in version `bold'
(Font)                  OT1/cmss/bx/n --> T1/phv/m/n on input line 125.
LaTeX Font Info:    Redeclaring math alphabet \mathit on input line 126.
LaTeX Font Info:    Overwriting math alphabet `\mathit' in version `normal'
(Font)                  OT1/cmr/m/it --> OT1/ntxtlf/m/it on input line 126.
LaTeX Font Info:    Overwriting math alphabet `\mathit' in version `bold'
(Font)                  OT1/cmr/bx/it --> OT1/ntxtlf/m/it on input line 126.
LaTeX Font Info:    Redeclaring math alphabet \mathtt on input line 127.
LaTeX Font Info:    Overwriting math alphabet `\mathtt' in version `normal'
(Font)                  OT1/cmtt/m/n --> T1/pcr/m/n on input line 127.
LaTeX Font Info:    Overwriting math alphabet `\mathtt' in version `bold'
(Font)                  OT1/cmtt/m/n --> T1/pcr/m/n on input line 127.
LaTeX Font Info:    Redeclaring math alphabet \mathbf on input line 129.
LaTeX Font Info:    Overwriting math alphabet `\mathbf' in version `normal'
(Font)                  OT1/cmr/bx/n --> OT1/ntxtlf/b/n on input line 129.
LaTeX Font Info:    Overwriting math alphabet `\mathbf' in version `bold'
(Font)                  OT1/cmr/bx/n --> OT1/ntxtlf/b/n on input line 129.
LaTeX Font Info:    Overwriting math alphabet `\mathit' in version `bold'
(Font)                  OT1/ntxtlf/m/it --> OT1/ntxtlf/b/it on input line 130.
LaTeX Font Info:    Overwriting math alphabet `\mathsf' in version `bold'
(Font)                  T1/phv/m/n --> T1/phv/b/n on input line 131.
LaTeX Font Info:    Overwriting math alphabet `\mathtt' in version `bold'
(Font)                  T1/pcr/m/n --> T1/pcr/b/n on input line 132.
LaTeX Font Info:    Redeclaring symbol font `letters' on input line 178.
LaTeX Font Info:    Overwriting symbol font `letters' in version `normal'
(Font)                  OML/cmm/m/it --> OML/ntxmi/m/it on input line 178.
LaTeX Font Info:    Overwriting symbol font `letters' in version `bold'
(Font)                  OML/cmm/b/it --> OML/ntxmi/m/it on input line 178.
LaTeX Font Info:    Overwriting symbol font `letters' in version `bold'
(Font)                  OML/ntxmi/m/it --> OML/ntxmi/b/it on input line 179.
\symlettersA=\mathgroup4
LaTeX Font Info:    Overwriting symbol font `lettersA' in version `bold'
(Font)                  U/ntxmia/m/it --> U/ntxmia/b/it on input line 194.
LaTeX Font Info:    Redeclaring symbol font `symbols' on input line 202.
LaTeX Font Info:    Overwriting symbol font `symbols' in version `normal'
(Font)                  OMS/cmsy/m/n --> OMS/ntxsy/m/n on input line 202.
LaTeX Font Info:    Overwriting symbol font `symbols' in version `bold'
(Font)                  OMS/cmsy/b/n --> OMS/ntxsy/m/n on input line 202.
LaTeX Font Info:    Overwriting symbol font `symbols' in version `bold'
(Font)                  OMS/ntxsy/m/n --> OMS/ntxsy/b/n on input line 203.
\symAMSm=\mathgroup5
LaTeX Font Info:    Overwriting symbol font `AMSm' in version `bold'
(Font)                  U/ntxsym/m/n --> U/ntxsym/b/n on input line 223.
\symsymbolsC=\mathgroup6
LaTeX Font Info:    Overwriting symbol font `symbolsC' in version `bold'
(Font)                  U/ntxsyc/m/n --> U/ntxsyc/b/n on input line 244.
LaTeX Font Info:    Redeclaring symbol font `largesymbols' on input line 257.
LaTeX Font Info:    Encoding `OMX' has changed to `LMX' for symbol font
(Font)              `largesymbols' in the math version `normal' on input line 2
57.
LaTeX Font Info:    Overwriting symbol font `largesymbols' in version `normal'
(Font)                  OMX/cmex/m/n --> LMX/ntxexx/m/n on input line 257.
LaTeX Font Info:    Encoding `OMX' has changed to `LMX' for symbol font
(Font)              `largesymbols' in the math version `bold' on input line 257
.
LaTeX Font Info:    Overwriting symbol font `largesymbols' in version `bold'
(Font)                  OMX/cmex/m/n --> LMX/ntxexx/m/n on input line 257.
LaTeX Font Info:    Overwriting symbol font `largesymbols' in version `bold'
(Font)                  LMX/ntxexx/m/n --> LMX/ntxexx/b/n on input line 258.
\symlargesymbolsTXA=\mathgroup7
LaTeX Font Info:    Overwriting symbol font `largesymbolsTXA' in version `bold'

(Font)                  U/ntxexa/m/n --> U/ntxexa/b/n on input line 272.
LaTeX Info: Redefining \not on input line 1697.
)
(/usr/share/texlive/texmf-dist/tex/latex/subfig/subfig.sty
Package: subfig 2005/06/28 ver: 1.3 subfig package

(/usr/share/texlive/texmf-dist/tex/latex/caption/caption3.sty
Package: caption3 2013/05/02 v1.6-88 caption3 kernel (AR)
Package caption3 Info: TeX engine: e-TeX on input line 57.
\captionmargin=\dimen137
\captionmargin@=\dimen138
\captionwidth=\dimen139
\caption@tempdima=\dimen140
\caption@indent=\dimen141
\caption@parindent=\dimen142
\caption@hangindent=\dimen143
Package caption Info: Unknown document class (or package),
(caption)             standard defaults will be used.
)
\c@KVtest=\count109
\sf@farskip=\skip47
\sf@captopadj=\dimen144
\sf@capskip=\skip48
\sf@nearskip=\skip49
\c@subfigure=\count110
\c@subfigure@save=\count111
\c@lofdepth=\count112
\c@subtable=\count113
\c@subtable@save=\count114
\c@lotdepth=\count115
\sf@top=\skip50
\sf@bottom=\skip51
)
(./bare_jrnl_comsoc.aux

LaTeX Warning: Label `fig:all_50_delivery' multiply defined.


LaTeX Warning: Label `sub@fig:all_50_delivery' multiply defined.


LaTeX Warning: Label `fig:all_100_delivery' multiply defined.


LaTeX Warning: Label `sub@fig:all_100_delivery' multiply defined.


LaTeX Warning: Label `fig:all_150_delivery' multiply defined.


LaTeX Warning: Label `sub@fig:all_150_delivery' multiply defined.


LaTeX Warning: Label `fig:all_200_delivery' multiply defined.


LaTeX Warning: Label `sub@fig:all_200_delivery' multiply defined.


LaTeX Warning: Label `fig:all_delivery' multiply defined.


LaTeX Warning: Label `fig:all_50_delivery' multiply defined.


LaTeX Warning: Label `sub@fig:all_50_delivery' multiply defined.


LaTeX Warning: Label `fig:all_100_delivery' multiply defined.


LaTeX Warning: Label `sub@fig:all_100_delivery' multiply defined.


LaTeX Warning: Label `fig:all_150_delivery' multiply defined.


LaTeX Warning: Label `sub@fig:all_150_delivery' multiply defined.


LaTeX Warning: Label `fig:all_200_delivery' multiply defined.


LaTeX Warning: Label `sub@fig:all_200_delivery' multiply defined.


LaTeX Warning: Label `fig:all_delivery' multiply defined.


LaTeX Warning: Label `fig:all_50_delivery' multiply defined.


LaTeX Warning: Label `sub@fig:all_50_delivery' multiply defined.


LaTeX Warning: Label `fig:all_100_delivery' multiply defined.


LaTeX Warning: Label `sub@fig:all_100_delivery' multiply defined.


LaTeX Warning: Label `fig:all_150_delivery' multiply defined.


LaTeX Warning: Label `sub@fig:all_150_delivery' multiply defined.


LaTeX Warning: Label `fig:all_200_delivery' multiply defined.


LaTeX Warning: Label `sub@fig:all_200_delivery' multiply defined.


LaTeX Warning: Label `fig:all_delivery' multiply defined.

)
\openout1 = `bare_jrnl_comsoc.aux'.

LaTeX Font Info:    Checking defaults for OML/ntxmi/m/it on input line 329.
LaTeX Font Info:    Try loading font information for OML+ntxmi on input line 32
9.
 (/usr/share/texlive/texmf-dist/tex/latex/newtx/omlntxmi.fd
File: omlntxmi.fd 2012/03/22 Fontinst v1.933 font definitions for OML/ntxmi.
)
LaTeX Font Info:    ... okay on input line 329.
LaTeX Font Info:    Checking defaults for T1/cmr/m/n on input line 329.
LaTeX Font Info:    ... okay on input line 329.
LaTeX Font Info:    Checking defaults for OT1/cmr/m/n on input line 329.
LaTeX Font Info:    ... okay on input line 329.
LaTeX Font Info:    Checking defaults for OMS/ntxsy/m/n on input line 329.
LaTeX Font Info:    Try loading font information for OMS+ntxsy on input line 32
9.

(/usr/share/texlive/texmf-dist/tex/latex/newtx/omsntxsy.fd
File: omsntxsy.fd 2012/11/14 Fontinst v1.933 font definitions for OMS/ntxsy.
)
LaTeX Font Info:    ... okay on input line 329.
LaTeX Font Info:    Checking defaults for OMX/cmex/m/n on input line 329.
LaTeX Font Info:    ... okay on input line 329.
LaTeX Font Info:    Checking defaults for U/ntxexa/m/n on input line 329.
LaTeX Font Info:    Try loading font information for U+ntxexa on input line 329
.

(/usr/share/texlive/texmf-dist/tex/latex/newtx/untxexa.fd
File: untxexa.fd 2012/04/16 Fontinst v1.933 font definitions for U/ntxexa.
)
LaTeX Font Info:    ... okay on input line 329.
LaTeX Font Info:    Checking defaults for LMX/ntxexx/m/n on input line 329.
LaTeX Font Info:    ... okay on input line 329.

-- Verifying Times compatible math font.
-- newtxmath loaded, OK.
LaTeX Font Info:    Font shape `T1/ptm/bx/n' in size <5> not available
(Font)              Font shape `T1/ptm/b/n' tried instead on input line 329.
LaTeX Font Info:    Font shape `T1/ptm/bx/it' in size <5> not available
(Font)              Font shape `T1/ptm/b/it' tried instead on input line 329.
LaTeX Font Info:    Font shape `T1/ptm/bx/n' in size <7> not available
(Font)              Font shape `T1/ptm/b/n' tried instead on input line 329.
LaTeX Font Info:    Font shape `T1/ptm/bx/it' in size <7> not available
(Font)              Font shape `T1/ptm/b/it' tried instead on input line 329.
LaTeX Font Info:    Font shape `T1/ptm/bx/n' in size <8> not available
(Font)              Font shape `T1/ptm/b/n' tried instead on input line 329.
LaTeX Font Info:    Font shape `T1/ptm/bx/it' in size <8> not available
(Font)              Font shape `T1/ptm/b/it' tried instead on input line 329.
LaTeX Font Info:    Font shape `T1/ptm/bx/n' in size <9> not available
(Font)              Font shape `T1/ptm/b/n' tried instead on input line 329.
LaTeX Font Info:    Font shape `T1/ptm/bx/it' in size <9> not available
(Font)              Font shape `T1/ptm/b/it' tried instead on input line 329.
LaTeX Font Info:    Font shape `T1/ptm/bx/n' in size <10> not available
(Font)              Font shape `T1/ptm/b/n' tried instead on input line 329.
LaTeX Font Info:    Font shape `T1/ptm/bx/it' in size <10> not available
(Font)              Font shape `T1/ptm/b/it' tried instead on input line 329.
LaTeX Font Info:    Font shape `T1/ptm/bx/n' in size <11> not available
(Font)              Font shape `T1/ptm/b/n' tried instead on input line 329.
LaTeX Font Info:    Font shape `T1/ptm/bx/it' in size <11> not available
(Font)              Font shape `T1/ptm/b/it' tried instead on input line 329.
LaTeX Font Info:    Font shape `T1/ptm/bx/n' in size <12> not available
(Font)              Font shape `T1/ptm/b/n' tried instead on input line 329.
LaTeX Font Info:    Font shape `T1/ptm/bx/it' in size <12> not available
(Font)              Font shape `T1/ptm/b/it' tried instead on input line 329.
LaTeX Font Info:    Font shape `T1/ptm/bx/n' in size <17> not available
(Font)              Font shape `T1/ptm/b/n' tried instead on input line 329.
LaTeX Font Info:    Font shape `T1/ptm/bx/it' in size <17> not available
(Font)              Font shape `T1/ptm/b/it' tried instead on input line 329.
LaTeX Font Info:    Font shape `T1/ptm/bx/n' in size <20> not available
(Font)              Font shape `T1/ptm/b/n' tried instead on input line 329.
LaTeX Font Info:    Font shape `T1/ptm/bx/it' in size <20> not available
(Font)              Font shape `T1/ptm/b/it' tried instead on input line 329.
LaTeX Font Info:    Font shape `T1/ptm/bx/n' in size <24> not available
(Font)              Font shape `T1/ptm/b/n' tried instead on input line 329.
LaTeX Font Info:    Font shape `T1/ptm/bx/it' in size <24> not available
(Font)              Font shape `T1/ptm/b/it' tried instead on input line 329.
-- Lines per column: 58 (exact).
(/usr/share/texlive/texmf-dist/tex/context/base/supp-pdf.mkii
[Loading MPS to PDF converter (version 2006.09.02).]
\scratchcounter=\count116
\scratchdimen=\dimen145
\scratchbox=\box30
\nofMPsegments=\count117
\nofMParguments=\count118
\everyMPshowfont=\toks23
\MPscratchCnt=\count119
\MPscratchDim=\dimen146
\MPnumerator=\count120
\makeMPintoPDFobject=\count121
\everyMPtoPDFconversion=\toks24
) (/usr/share/texlive/texmf-dist/tex/generic/oberdiek/pdftexcmds.sty
Package: pdftexcmds 2011/11/29 v0.20 Utility functions of pdfTeX for LuaTeX (HO
)

(/usr/share/texlive/texmf-dist/tex/generic/oberdiek/ifpdf.sty
Package: ifpdf 2011/01/30 v2.3 Provides the ifpdf switch (HO)
Package ifpdf Info: pdfTeX in PDF mode is detected.
)
Package pdftexcmds Info: LuaTeX not detected.
Package pdftexcmds Info: \pdf@primitive is available.
Package pdftexcmds Info: \pdf@ifprimitive is available.
Package pdftexcmds Info: \pdfdraftmode found.
)
(/usr/share/texlive/texmf-dist/tex/latex/oberdiek/epstopdf-base.sty
Package: epstopdf-base 2010/02/09 v2.5 Base part for package epstopdf

(/usr/share/texlive/texmf-dist/tex/latex/oberdiek/grfext.sty
Package: grfext 2010/08/19 v1.1 Manage graphics extensions (HO)

(/usr/share/texlive/texmf-dist/tex/generic/oberdiek/kvdefinekeys.sty
Package: kvdefinekeys 2011/04/07 v1.3 Define keys (HO)
))
(/usr/share/texlive/texmf-dist/tex/latex/oberdiek/kvoptions.sty
Package: kvoptions 2011/06/30 v3.11 Key value format for package options (HO)

(/usr/share/texlive/texmf-dist/tex/generic/oberdiek/kvsetkeys.sty
Package: kvsetkeys 2012/04/25 v1.16 Key value parser (HO)

(/usr/share/texlive/texmf-dist/tex/generic/oberdiek/etexcmds.sty
Package: etexcmds 2011/02/16 v1.5 Avoid name clashes with e-TeX commands (HO)
Package etexcmds Info: Could not find \expanded.
(etexcmds)             That can mean that you are not using pdfTeX 1.50 or
(etexcmds)             that some package has redefined \expanded.
(etexcmds)             In the latter case, load this package earlier.
)))
Package grfext Info: Graphics extension search list:
(grfext)             [.pdf,.jpeg,.png,.eps]
(grfext)             \AppendGraphicsExtensions on input line 452.

(/usr/share/texlive/texmf-dist/tex/latex/latexconfig/epstopdf-sys.cfg
File: epstopdf-sys.cfg 2010/07/13 v1.3 Configuration of (r)epstopdf for TeX Liv
e
))
Package caption Info: Begin \AtBeginDocument code.
Package caption Info: subfig package v1.3 is loaded.
Package caption Info: End \AtBeginDocument code.
LaTeX Font Info:    Try loading font information for OT1+ntxtlf on input line 4
33.

(/usr/share/texlive/texmf-dist/tex/latex/newtx/ot1ntxtlf.fd
File: ot1ntxtlf.fd 2015/01/17 v1.0 font definition file for OT1/ntx/tlf
)
LaTeX Font Info:    Try loading font information for U+ntxmia on input line 433
.

(/usr/share/texlive/texmf-dist/tex/latex/newtx/untxmia.fd
File: untxmia.fd 2012/04/16 Fontinst v1.933 font definitions for U/ntxmia.
)
LaTeX Font Info:    Try loading font information for U+ntxsym on input line 433
.

(/usr/share/texlive/texmf-dist/tex/latex/newtx/untxsym.fd
File: untxsym.fd 2015/03/20 Fontinst v1.933 font definitions for U/ntxsym.
)
LaTeX Font Info:    Try loading font information for U+ntxsyc on input line 433
.

(/usr/share/texlive/texmf-dist/tex/latex/newtx/untxsyc.fd
File: untxsyc.fd 2012/04/12 Fontinst v1.933 font definitions for U/ntxsyc.
) [1{/var/lib/texmf/fonts/map/pdftex/updmap/pdftex.map}


]
<taxonomy.pdf, id=10, 434.62375pt x 217.81375pt>
File: taxonomy.pdf Graphic file (type pdf)
 <use taxonomy.pdf>
Package pdftex.def Info: taxonomy.pdf used on input line 457.
(pdftex.def)             Requested size: 361.34999pt x 181.10109pt.


LaTeX Warning: Citation `duro:guaranteed' on page 2 undefined on input line 467
.


LaTeX Warning: Reference `sub:face' on page 2 undefined on input line 467.

[2] [3 <./taxonomy.pdf>]
Package epstopdf Info: Source file: <images/progress.eps>
(epstopdf)                    date: 2015-11-23 17:02:47
(epstopdf)                    size: 22445 bytes
(epstopdf)             Output file: <images/progress-eps-converted-to.pdf>
(epstopdf)                    date: 2015-11-23 17:02:51
(epstopdf)                    size: 7565 bytes
(epstopdf)             Command: <repstopdf --outfile=images/progress-eps-conver
ted-to.pdf images/progress.eps>
(epstopdf)             \includegraphics on input line 520.
Package epstopdf Info: Output file is already uptodate.

<images/progress-eps-converted-to.pdf, id=137, 387.4475pt x 275.0275pt>
File: images/progress-eps-converted-to.pdf Graphic file (type pdf)

<use images/progress-eps-converted-to.pdf>
Package pdftex.def Info: images/progress-eps-converted-to.pdf used on input lin
e 520.
(pdftex.def)             Requested size: 187.90244pt x 133.38397pt.
 [4 <./images/progress-eps-converted-to.pdf>] <images/ab3d.pdf, id=147, 652.437
5pt x 608.2725pt>
File: images/ab3d.pdf Graphic file (type pdf)

<use images/ab3d.pdf>
Package pdftex.def Info: images/ab3d.pdf used on input line 542.
(pdftex.def)             Requested size: 216.81pt x 202.13205pt.

Underfull \hbox (badness 7133) in paragraph at lines 548--549
[]\T1/ptm/m/it/10 Greedy-Random-Greedy \T1/ptm/m/n/10 (\T1/ptm/m/it/10 GRG\T1/p
tm/m/n/10 ) al-go-rithm be-longs to
 []

Package epstopdf Info: Source file: <images/projectiveFace.eps>
(epstopdf)                    date: 2015-11-24 16:20:20
(epstopdf)                    size: 14478 bytes
(epstopdf)             Output file: <images/projectiveFace-eps-converted-to.pdf
>
(epstopdf)                    date: 2015-11-24 16:27:28
(epstopdf)                    size: 13893 bytes
(epstopdf)             Command: <repstopdf --outfile=images/projectiveFace-eps-
converted-to.pdf images/projectiveFace.eps>
(epstopdf)             \includegraphics on input line 555.
Package epstopdf Info: Output file is already uptodate.
<images/projectiveFace-eps-converted-to.pdf, id=148, 652.4375pt x 606.265pt>
File: images/projectiveFace-eps-converted-to.pdf Graphic file (type pdf)

<use images/projectiveFace-eps-converted-to.pdf>
Package pdftex.def Info: images/projectiveFace-eps-converted-to.pdf used on inp
ut line 555.
(pdftex.def)             Requested size: 187.90244pt x 174.60048pt.
 [5 <./images/ab3d.pdf> <./images/projectiveFace-eps-converted-to.pdf>]
Package epstopdf Info: Source file: <images/cface1.eps>
(epstopdf)                    date: 2015-11-24 16:25:13
(epstopdf)                    size: 13711 bytes
(epstopdf)             Output file: <images/cface1-eps-converted-to.pdf>
(epstopdf)                    date: 2015-11-24 16:27:28
(epstopdf)                    size: 11095 bytes
(epstopdf)             Command: <repstopdf --outfile=images/cface1-eps-converte
d-to.pdf images/cface1.eps>
(epstopdf)             \includegraphics on input line 565.
Package epstopdf Info: Output file is already uptodate.

<images/cface1-eps-converted-to.pdf, id=165, 553.06625pt x 539.01375pt>
File: images/cface1-eps-converted-to.pdf Graphic file (type pdf)

<use images/cface1-eps-converted-to.pdf>
Package pdftex.def Info: images/cface1-eps-converted-to.pdf used on input line 
565.
(pdftex.def)             Requested size: 93.95122pt x 91.5571pt.
Package epstopdf Info: Source file: <images/cface2.eps>
(epstopdf)                    date: 2015-11-24 16:25:25
(epstopdf)                    size: 13673 bytes
(epstopdf)             Output file: <images/cface2-eps-converted-to.pdf>
(epstopdf)                    date: 2015-11-24 16:27:29
(epstopdf)                    size: 11226 bytes
(epstopdf)             Command: <repstopdf --outfile=images/cface2-eps-converte
d-to.pdf images/cface2.eps>
(epstopdf)             \includegraphics on input line 566.
Package epstopdf Info: Output file is already uptodate.

<images/cface2-eps-converted-to.pdf, id=166, 536.0025pt x 540.0175pt>
File: images/cface2-eps-converted-to.pdf Graphic file (type pdf)

<use images/cface2-eps-converted-to.pdf>
Package pdftex.def Info: images/cface2-eps-converted-to.pdf used on input line 
566.
(pdftex.def)             Requested size: 93.95122pt x 94.65279pt.
Package epstopdf Info: Source file: <images/cface3.eps>
(epstopdf)                    date: 2015-11-24 16:25:31
(epstopdf)                    size: 13837 bytes
(epstopdf)             Output file: <images/cface3-eps-converted-to.pdf>
(epstopdf)                    date: 2015-11-24 16:27:29
(epstopdf)                    size: 11217 bytes
(epstopdf)             Command: <repstopdf --outfile=images/cface3-eps-converte
d-to.pdf images/cface3.eps>
(epstopdf)             \includegraphics on input line 568.
Package epstopdf Info: Output file is already uptodate.

<images/cface3-eps-converted-to.pdf, id=167, 536.0025pt x 539.01375pt>
File: images/cface3-eps-converted-to.pdf Graphic file (type pdf)

<use images/cface3-eps-converted-to.pdf>
Package pdftex.def Info: images/cface3-eps-converted-to.pdf used on input line 
568.
(pdftex.def)             Requested size: 93.95122pt x 94.47685pt.
Package epstopdf Info: Source file: <images/cface4.eps>
(epstopdf)                    date: 2015-11-24 16:25:38
(epstopdf)                    size: 13648 bytes
(epstopdf)             Output file: <images/cface4-eps-converted-to.pdf>
(epstopdf)                    date: 2015-11-24 16:27:30
(epstopdf)                    size: 11032 bytes
(epstopdf)             Command: <repstopdf --outfile=images/cface4-eps-converte
d-to.pdf images/cface4.eps>
(epstopdf)             \includegraphics on input line 569.
Package epstopdf Info: Output file is already uptodate.

<images/cface4-eps-converted-to.pdf, id=168, 536.0025pt x 539.01375pt>
File: images/cface4-eps-converted-to.pdf Graphic file (type pdf)

<use images/cface4-eps-converted-to.pdf>
Package pdftex.def Info: images/cface4-eps-converted-to.pdf used on input line 
569.
(pdftex.def)             Requested size: 93.95122pt x 94.47685pt.


LaTeX Warning: Reference `fig:lsp' on page 6 undefined on input line 583.


Underfull \hbox (badness 1377) in paragraph at lines 588--591
[]\T1/ptm/m/it/10 Greedy-Face-Greedy \T1/ptm/m/n/10 al-go-rithm (\T1/ptm/m/it/1
0 GFG\T1/ptm/m/n/10 ), also de-fined as
 []

[6 <./images/cface1-eps-converted-to.pdf> <./images/cface2-eps-converted-to.pdf
> <./images/cface3-eps-converted-to.pdf> <./images/cface4-eps-converted-to.pdf>
] <images/gfg.pdf, id=180, 403.5075pt x 328.22626pt>
File: images/gfg.pdf Graphic file (type pdf)
 <use images/gfg.pdf>
Package pdftex.def Info: images/gfg.pdf used on input line 594.
(pdftex.def)             Requested size: 216.81pt x 176.36307pt.

Underfull \hbox (badness 1609) in paragraph at lines 600--601
[]\T1/ptm/m/n/10 This al-go-rithm, ini-tially con-ceived in [[]] as \T1/ptm/m/i
t/10 AB3D-
 []

[7 <./images/gfg.pdf>]
Package epstopdf Info: Source file: <images/all_50_delivery.eps>
(epstopdf)                    date: 2015-12-16 18:00:25
(epstopdf)                    size: 33290 bytes
(epstopdf)             Output file: <images/all_50_delivery-eps-converted-to.pd
f>
(epstopdf)                    date: 2015-12-16 18:01:26
(epstopdf)                    size: 14048 bytes
(epstopdf)             Command: <repstopdf --outfile=images/all_50_delivery-eps
-converted-to.pdf images/all_50_delivery.eps>
(epstopdf)             \includegraphics on input line 627.
Package epstopdf Info: Output file is already uptodate.

<images/all_50_delivery-eps-converted-to.pdf, id=215, 763.85374pt x 295.1025pt>
File: images/all_50_delivery-eps-converted-to.pdf Graphic file (type pdf)
<use images/all_50_delivery-eps-converted-to.pdf>
Package pdftex.def Info: images/all_50_delivery-eps-converted-to.pdf used on in
put line 627.
(pdftex.def)             Requested size: 412.80157pt x 159.47905pt.
Package epstopdf Info: Source file: <images/all_100_delivery.eps>
(epstopdf)                    date: 2015-12-16 18:00:34
(epstopdf)                    size: 33389 bytes
(epstopdf)             Output file: <images/all_100_delivery-eps-converted-to.p
df>
(epstopdf)                    date: 2015-12-16 18:01:26
(epstopdf)                    size: 14084 bytes
(epstopdf)             Command: <repstopdf --outfile=images/all_100_delivery-ep
s-converted-to.pdf images/all_100_delivery.eps>
(epstopdf)             \includegraphics on input line 633.
Package epstopdf Info: Output file is already uptodate.

<images/all_100_delivery-eps-converted-to.pdf, id=216, 763.85374pt x 295.1025pt
>
File: images/all_100_delivery-eps-converted-to.pdf Graphic file (type pdf)
 <use images/all_100_delivery-eps-converted-to.pdf>
Package pdftex.def Info: images/all_100_delivery-eps-converted-to.pdf used on i
nput line 633.
(pdftex.def)             Requested size: 412.80157pt x 159.47905pt.
Package epstopdf Info: Source file: <images/all_150_delivery.eps>
(epstopdf)                    date: 2015-12-16 18:00:39
(epstopdf)                    size: 33407 bytes
(epstopdf)             Output file: <images/all_150_delivery-eps-converted-to.p
df>
(epstopdf)                    date: 2015-12-16 18:01:26
(epstopdf)                    size: 14099 bytes
(epstopdf)             Command: <repstopdf --outfile=images/all_150_delivery-ep
s-converted-to.pdf images/all_150_delivery.eps>
(epstopdf)             \includegraphics on input line 637.
Package epstopdf Info: Output file is already uptodate.

<images/all_150_delivery-eps-converted-to.pdf, id=217, 763.85374pt x 295.1025pt
>
File: images/all_150_delivery-eps-converted-to.pdf Graphic file (type pdf)
 <use images/all_150_delivery-eps-converted-to.pdf>
Package pdftex.def Info: images/all_150_delivery-eps-converted-to.pdf used on i
nput line 637.
(pdftex.def)             Requested size: 412.80157pt x 159.47905pt.
Package epstopdf Info: Source file: <images/all_200_delivery.eps>
(epstopdf)                    date: 2015-12-16 18:00:48
(epstopdf)                    size: 33376 bytes
(epstopdf)             Output file: <images/all_200_delivery-eps-converted-to.p
df>
(epstopdf)                    date: 2015-12-16 18:01:27
(epstopdf)                    size: 14098 bytes
(epstopdf)             Command: <repstopdf --outfile=images/all_200_delivery-ep
s-converted-to.pdf images/all_200_delivery.eps>
(epstopdf)             \includegraphics on input line 641.
Package epstopdf Info: Output file is already uptodate.

<images/all_200_delivery-eps-converted-to.pdf, id=218, 763.85374pt x 295.1025pt
>
File: images/all_200_delivery-eps-converted-to.pdf Graphic file (type pdf)
 <use images/all_200_delivery-eps-converted-to.pdf>
Package pdftex.def Info: images/all_200_delivery-eps-converted-to.pdf used on i
nput line 641.
(pdftex.def)             Requested size: 412.80157pt x 159.47905pt.


LaTeX Warning: Float too large for page by 40.67209pt on input line 645.

Package epstopdf Info: Source file: <images/all_50_path.eps>
(epstopdf)                    date: 2015-12-16 18:00:59
(epstopdf)                    size: 31435 bytes
(epstopdf)             Output file: <images/all_50_path-eps-converted-to.pdf>
(epstopdf)                    date: 2015-12-16 18:01:27
(epstopdf)                    size: 13363 bytes
(epstopdf)             Command: <repstopdf --outfile=images/all_50_path-eps-con
verted-to.pdf images/all_50_path.eps>
(epstopdf)             \includegraphics on input line 650.
Package epstopdf Info: Output file is already uptodate.
<images/all_50_path-eps-converted-to.pdf, id=219, 763.85374pt x 295.1025pt>
File: images/all_50_path-eps-converted-to.pdf Graphic file (type pdf)

<use images/all_50_path-eps-converted-to.pdf>
Package pdftex.def Info: images/all_50_path-eps-converted-to.pdf used on input 
line 650.
(pdftex.def)             Requested size: 412.80157pt x 159.47905pt.
Package epstopdf Info: Source file: <images/all_100_path.eps>
(epstopdf)                    date: 2015-12-16 18:01:08
(epstopdf)                    size: 31270 bytes
(epstopdf)             Output file: <images/all_100_path-eps-converted-to.pdf>
(epstopdf)                    date: 2015-12-16 18:01:28
(epstopdf)                    size: 13336 bytes
(epstopdf)             Command: <repstopdf --outfile=images/all_100_path-eps-co
nverted-to.pdf images/all_100_path.eps>
(epstopdf)             \includegraphics on input line 656.
Package epstopdf Info: Output file is already uptodate.

<images/all_100_path-eps-converted-to.pdf, id=220, 763.85374pt x 295.1025pt>
File: images/all_100_path-eps-converted-to.pdf Graphic file (type pdf)

<use images/all_100_path-eps-converted-to.pdf>
Package pdftex.def Info: images/all_100_path-eps-converted-to.pdf used on input
 line 656.
(pdftex.def)             Requested size: 412.80157pt x 159.47905pt.
Package epstopdf Info: Source file: <images/all_150_path.eps>
(epstopdf)                    date: 2015-12-16 18:01:14
(epstopdf)                    size: 31412 bytes
(epstopdf)             Output file: <images/all_150_path-eps-converted-to.pdf>
(epstopdf)                    date: 2015-12-16 18:01:28
(epstopdf)                    size: 13371 bytes
(epstopdf)             Command: <repstopdf --outfile=images/all_150_path-eps-co
nverted-to.pdf images/all_150_path.eps>
(epstopdf)             \includegraphics on input line 660.
Package epstopdf Info: Output file is already uptodate.

<images/all_150_path-eps-converted-to.pdf, id=221, 763.85374pt x 295.1025pt>
File: images/all_150_path-eps-converted-to.pdf Graphic file (type pdf)

<use images/all_150_path-eps-converted-to.pdf>
Package pdftex.def Info: images/all_150_path-eps-converted-to.pdf used on input
 line 660.
(pdftex.def)             Requested size: 412.80157pt x 159.47905pt.
Package epstopdf Info: Source file: <images/all_200_path.eps>
(epstopdf)                    date: 2015-12-16 18:01:19
(epstopdf)                    size: 31310 bytes
(epstopdf)             Output file: <images/all_200_path-eps-converted-to.pdf>
(epstopdf)                    date: 2015-12-16 18:01:29
(epstopdf)                    size: 13363 bytes
(epstopdf)             Command: <repstopdf --outfile=images/all_200_path-eps-co
nverted-to.pdf images/all_200_path.eps>
(epstopdf)             \includegraphics on input line 664.
Package epstopdf Info: Output file is already uptodate.

<images/all_200_path-eps-converted-to.pdf, id=222, 763.85374pt x 295.1025pt>
File: images/all_200_path-eps-converted-to.pdf Graphic file (type pdf)

<use images/all_200_path-eps-converted-to.pdf>
Package pdftex.def Info: images/all_200_path-eps-converted-to.pdf used on input
 line 664.
(pdftex.def)             Requested size: 412.80157pt x 159.47905pt.


LaTeX Warning: Float too large for page by 40.67209pt on input line 668.


Underfull \hbox (badness 3646) in paragraph at lines 671--672
 \T1/ptm/m/it/10 2) Com-par-i-son with dy-namic thresh-old val-ues: [][] \T1/pt
m/m/n/10 This
 []


Underfull \hbox (badness 10000) in paragraph at lines 671--672

 []

Package epstopdf Info: Source file: <images/test_5-13_change_TTLR_delivery.eps>

(epstopdf)                    date: 2015-09-04 08:32:45
(epstopdf)                    size: 30361 bytes
(epstopdf)             Output file: <images/test_5-13_change_TTLR_delivery-eps-
converted-to.pdf>
(epstopdf)                    date: 2015-11-17 14:46:12
(epstopdf)                    size: 12880 bytes
(epstopdf)             Command: <repstopdf --outfile=images/test_5-13_change_TT
LR_delivery-eps-converted-to.pdf images/test_5-13_change_TTLR_delivery.eps>
(epstopdf)             \includegraphics on input line 677.
Package epstopdf Info: Output file is already uptodate.

<images/test_5-13_change_TTLR_delivery-eps-converted-to.pdf, id=223, 428.60126p
t x 278.03876pt>
File: images/test_5-13_change_TTLR_delivery-eps-converted-to.pdf Graphic file (
type pdf)

<use images/test_5-13_change_TTLR_delivery-eps-converted-to.pdf>
Package pdftex.def Info: images/test_5-13_change_TTLR_delivery-eps-converted-to
.pdf used on input line 677.
(pdftex.def)             Requested size: 412.80157pt x 267.79237pt.
Package epstopdf Info: Source file: <images/test_5-13_change_TTLR_path.eps>
(epstopdf)                    date: 2015-09-04 08:32:53
(epstopdf)                    size: 27726 bytes
(epstopdf)             Output file: <images/test_5-13_change_TTLR_path-eps-conv
erted-to.pdf>
(epstopdf)                    date: 2015-11-17 14:46:13
(epstopdf)                    size: 11869 bytes
(epstopdf)             Command: <repstopdf --outfile=images/test_5-13_change_TT
LR_path-eps-converted-to.pdf images/test_5-13_change_TTLR_path.eps>
(epstopdf)             \includegraphics on input line 683.
Package epstopdf Info: Output file is already uptodate.

<images/test_5-13_change_TTLR_path-eps-converted-to.pdf, id=224, 428.60126pt x 
277.035pt>
File: images/test_5-13_change_TTLR_path-eps-converted-to.pdf Graphic file (type
 pdf)
 <use images/test_5-13_change_TTLR_path-eps-converted-to.pdf>
Package pdftex.def Info: images/test_5-13_change_TTLR_path-eps-converted-to.pdf
 used on input line 683.
(pdftex.def)             Requested size: 412.80157pt x 266.8256pt.
Package epstopdf Info: Source file: <images/test_7-8-9-10_change_TTLF_delivery.
eps>
(epstopdf)                    date: 2015-09-03 09:39:42
(epstopdf)                    size: 28146 bytes
(epstopdf)             Output file: <images/test_7-8-9-10_change_TTLF_delivery-
eps-converted-to.pdf>
(epstopdf)                    date: 2015-11-17 14:46:13
(epstopdf)                    size: 12128 bytes
(epstopdf)             Command: <repstopdf --outfile=images/test_7-8-9-10_chang
e_TTLF_delivery-eps-converted-to.pdf images/test_7-8-9-10_change_TTLF_delivery.
eps>
(epstopdf)             \includegraphics on input line 688.
Package epstopdf Info: Output file is already uptodate.

<images/test_7-8-9-10_change_TTLF_delivery-eps-converted-to.pdf, id=225, 425.59
pt x 278.03876pt>
File: images/test_7-8-9-10_change_TTLF_delivery-eps-converted-to.pdf Graphic fi
le (type pdf)

<use images/test_7-8-9-10_change_TTLF_delivery-eps-converted-to.pdf>
Package pdftex.def Info: images/test_7-8-9-10_change_TTLF_delivery-eps-converte
d-to.pdf used on input line 688.
(pdftex.def)             Requested size: 412.80157pt x 269.69727pt.
Package epstopdf Info: Source file: <images/test_7-8-9-10_change_TTLF_path.eps>

(epstopdf)                    date: 2015-09-03 09:39:52
(epstopdf)                    size: 24839 bytes
(epstopdf)             Output file: <images/test_7-8-9-10_change_TTLF_path-eps-
converted-to.pdf>
(epstopdf)                    date: 2015-11-17 14:46:14
(epstopdf)                    size: 10868 bytes
(epstopdf)             Command: <repstopdf --outfile=images/test_7-8-9-10_chang
e_TTLF_path-eps-converted-to.pdf images/test_7-8-9-10_change_TTLF_path.eps>
(epstopdf)             \includegraphics on input line 692.
Package epstopdf Info: Output file is already uptodate.

<images/test_7-8-9-10_change_TTLF_path-eps-converted-to.pdf, id=226, 426.59375p
t x 278.03876pt>
File: images/test_7-8-9-10_change_TTLF_path-eps-converted-to.pdf Graphic file (
type pdf)

<use images/test_7-8-9-10_change_TTLF_path-eps-converted-to.pdf>
Package pdftex.def Info: images/test_7-8-9-10_change_TTLF_path-eps-converted-to
.pdf used on input line 692.
(pdftex.def)             Requested size: 412.80157pt x 269.06512pt.


LaTeX Warning: Reference `fig:all_min_delivery' on page 8 undefined on input li
ne 700.


LaTeX Warning: Reference `fig:all_min1-3_delivery' on page 8 undefined on input
 line 700.


LaTeX Warning: Reference `fig:all_min10_delivery' on page 8 undefined on input 
line 701.


LaTeX Warning: Reference `fig:all_min4-6_delivery' on page 8 undefined on input
 line 702.

Package epstopdf Info: Source file: <images/all_min1-3_delivery.eps>
(epstopdf)                    date: 2015-12-16 18:05:07
(epstopdf)                    size: 34616 bytes
(epstopdf)             Output file: <images/all_min1-3_delivery-eps-converted-t
o.pdf>
(epstopdf)                    date: 2015-12-17 10:26:48
(epstopdf)                    size: 14287 bytes
(epstopdf)             Command: <repstopdf --outfile=images/all_min1-3_delivery
-eps-converted-to.pdf images/all_min1-3_delivery.eps>
(epstopdf)             \includegraphics on input line 707.
Package epstopdf Info: Output file is already uptodate.

<images/all_min1-3_delivery-eps-converted-to.pdf, id=227, 763.85374pt x 295.102
5pt>
File: images/all_min1-3_delivery-eps-converted-to.pdf Graphic file (type pdf)
 <use images/all_min1-3_delivery-eps-converted-to.pdf>
Package pdftex.def Info: images/all_min1-3_delivery-eps-converted-to.pdf used o
n input line 707.
(pdftex.def)             Requested size: 412.80157pt x 159.47905pt.
Package epstopdf Info: Source file: <images/all_min4-6_delivery.eps>
(epstopdf)                    date: 2015-12-16 18:05:12
(epstopdf)                    size: 34263 bytes
(epstopdf)             Output file: <images/all_min4-6_delivery-eps-converted-t
o.pdf>
(epstopdf)                    date: 2015-12-17 10:26:49
(epstopdf)                    size: 14281 bytes
(epstopdf)             Command: <repstopdf --outfile=images/all_min4-6_delivery
-eps-converted-to.pdf images/all_min4-6_delivery.eps>
(epstopdf)             \includegraphics on input line 713.
Package epstopdf Info: Output file is already uptodate.

<images/all_min4-6_delivery-eps-converted-to.pdf, id=228, 763.85374pt x 295.102
5pt>
File: images/all_min4-6_delivery-eps-converted-to.pdf Graphic file (type pdf)
 <use images/all_min4-6_delivery-eps-converted-to.pdf>
Package pdftex.def Info: images/all_min4-6_delivery-eps-converted-to.pdf used o
n input line 713.
(pdftex.def)             Requested size: 412.80157pt x 159.47905pt.
Package epstopdf Info: Source file: <images/all_min7-9_delivery.eps>
(epstopdf)                    date: 2015-12-16 18:05:18
(epstopdf)                    size: 34239 bytes
(epstopdf)             Output file: <images/all_min7-9_delivery-eps-converted-t
o.pdf>
(epstopdf)                    date: 2015-12-17 10:26:49
(epstopdf)                    size: 14269 bytes
(epstopdf)             Command: <repstopdf --outfile=images/all_min7-9_delivery
-eps-converted-to.pdf images/all_min7-9_delivery.eps>
(epstopdf)             \includegraphics on input line 717.
Package epstopdf Info: Output file is already uptodate.

<images/all_min7-9_delivery-eps-converted-to.pdf, id=229, 763.85374pt x 295.102
5pt>
File: images/all_min7-9_delivery-eps-converted-to.pdf Graphic file (type pdf)
 <use images/all_min7-9_delivery-eps-converted-to.pdf>
Package pdftex.def Info: images/all_min7-9_delivery-eps-converted-to.pdf used o
n input line 717.
(pdftex.def)             Requested size: 412.80157pt x 159.47905pt.
Package epstopdf Info: Source file: <images/all_min10_delivery.eps>
(epstopdf)                    date: 2015-12-16 18:05:25
(epstopdf)                    size: 34303 bytes
(epstopdf)             Output file: <images/all_min10_delivery-eps-converted-to
.pdf>
(epstopdf)                    date: 2015-12-17 10:26:50
(epstopdf)                    size: 14288 bytes
(epstopdf)             Command: <repstopdf --outfile=images/all_min10_delivery-
eps-converted-to.pdf images/all_min10_delivery.eps>
(epstopdf)             \includegraphics on input line 721.
Package epstopdf Info: Output file is already uptodate.

<images/all_min10_delivery-eps-converted-to.pdf, id=230, 763.85374pt x 295.1025
pt>
File: images/all_min10_delivery-eps-converted-to.pdf Graphic file (type pdf)
 <use images/all_min10_delivery-eps-converted-to.pdf>
Package pdftex.def Info: images/all_min10_delivery-eps-converted-to.pdf used on
 input line 721.
(pdftex.def)             Requested size: 412.80157pt x 159.47905pt.


LaTeX Warning: Float too large for page by 40.67209pt on input line 725.

Package epstopdf Info: Source file: <images/all_min1-3_path.eps>
(epstopdf)                    date: 2015-12-16 18:05:31
(epstopdf)                    size: 31120 bytes
(epstopdf)             Output file: <images/all_min1-3_path-eps-converted-to.pd
f>
(epstopdf)                    date: 2015-12-17 10:26:50
(epstopdf)                    size: 13248 bytes
(epstopdf)             Command: <repstopdf --outfile=images/all_min1-3_path-eps
-converted-to.pdf images/all_min1-3_path.eps>
(epstopdf)             \includegraphics on input line 730.
Package epstopdf Info: Output file is already uptodate.

<images/all_min1-3_path-eps-converted-to.pdf, id=231, 763.85374pt x 295.1025pt>
File: images/all_min1-3_path-eps-converted-to.pdf Graphic file (type pdf)
<use images/all_min1-3_path-eps-converted-to.pdf>
Package pdftex.def Info: images/all_min1-3_path-eps-converted-to.pdf used on in
put line 730.
(pdftex.def)             Requested size: 412.80157pt x 159.47905pt.
Package epstopdf Info: Source file: <images/all_min4-6_path.eps>
(epstopdf)                    date: 2015-12-16 18:05:37
(epstopdf)                    size: 31035 bytes
(epstopdf)             Output file: <images/all_min4-6_path-eps-converted-to.pd
f>
(epstopdf)                    date: 2015-12-17 10:26:50
(epstopdf)                    size: 13221 bytes
(epstopdf)             Command: <repstopdf --outfile=images/all_min4-6_path-eps
-converted-to.pdf images/all_min4-6_path.eps>
(epstopdf)             \includegraphics on input line 736.
Package epstopdf Info: Output file is already uptodate.

<images/all_min4-6_path-eps-converted-to.pdf, id=232, 763.85374pt x 295.1025pt>
File: images/all_min4-6_path-eps-converted-to.pdf Graphic file (type pdf)
<use images/all_min4-6_path-eps-converted-to.pdf>
Package pdftex.def Info: images/all_min4-6_path-eps-converted-to.pdf used on in
put line 736.
(pdftex.def)             Requested size: 412.80157pt x 159.47905pt.
Package epstopdf Info: Source file: <images/all_min7-9_path.eps>
(epstopdf)                    date: 2015-12-16 18:05:44
(epstopdf)                    size: 31070 bytes
(epstopdf)             Output file: <images/all_min7-9_path-eps-converted-to.pd
f>
(epstopdf)                    date: 2015-12-17 10:26:51
(epstopdf)                    size: 13229 bytes
(epstopdf)             Command: <repstopdf --outfile=images/all_min7-9_path-eps
-converted-to.pdf images/all_min7-9_path.eps>
(epstopdf)             \includegraphics on input line 740.
Package epstopdf Info: Output file is already uptodate.

<images/all_min7-9_path-eps-converted-to.pdf, id=233, 763.85374pt x 295.1025pt>
File: images/all_min7-9_path-eps-converted-to.pdf Graphic file (type pdf)
<use images/all_min7-9_path-eps-converted-to.pdf>
Package pdftex.def Info: images/all_min7-9_path-eps-converted-to.pdf used on in
put line 740.
(pdftex.def)             Requested size: 412.80157pt x 159.47905pt.
Package epstopdf Info: Source file: <images/all_min10_path.eps>
(epstopdf)                    date: 2015-12-16 18:05:49
(epstopdf)                    size: 31046 bytes
(epstopdf)             Output file: <images/all_min10_path-eps-converted-to.pdf
>
(epstopdf)                    date: 2015-12-17 10:26:51
(epstopdf)                    size: 13229 bytes
(epstopdf)             Command: <repstopdf --outfile=images/all_min10_path-eps-
converted-to.pdf images/all_min10_path.eps>
(epstopdf)             \includegraphics on input line 744.
Package epstopdf Info: Output file is already uptodate.

<images/all_min10_path-eps-converted-to.pdf, id=234, 763.85374pt x 295.1025pt>
File: images/all_min10_path-eps-converted-to.pdf Graphic file (type pdf)

<use images/all_min10_path-eps-converted-to.pdf>
Package pdftex.def Info: images/all_min10_path-eps-converted-to.pdf used on inp
ut line 744.
(pdftex.def)             Requested size: 412.80157pt x 159.47905pt.


LaTeX Warning: Float too large for page by 40.67209pt on input line 748.

[8] (./bare_jrnl_comsoc.bbl) [9

] [10 <./images/all_50_delivery-eps-converted-to.pdf> <./images/all_100_deliver
y-eps-converted-to.pdf> <./images/all_150_delivery-eps-converted-to.pdf> <./ima
ges/all_200_delivery-eps-converted-to.pdf>]
[11 <./images/all_50_path-eps-converted-to.pdf> <./images/all_100_path-eps-conv
erted-to.pdf> <./images/all_150_path-eps-converted-to.pdf> <./images/all_200_pa
th-eps-converted-to.pdf>] [12 <./images/test_5-13_change_TTLR_delivery-eps-conv
erted-to.pdf> <./images/test_5-13_change_TTLR_path-eps-converted-to.pdf>]
[13 <./images/test_7-8-9-10_change_TTLF_delivery-eps-converted-to.pdf> <./image
s/test_7-8-9-10_change_TTLF_path-eps-converted-to.pdf>] [14 <./images/all_min1-
3_delivery-eps-converted-to.pdf> <./images/all_min4-6_delivery-eps-converted-to
.pdf> <./images/all_min7-9_delivery-eps-converted-to.pdf> <./images/all_min10_d
elivery-eps-converted-to.pdf>] [15 <./images/all_min1-3_path-eps-converted-to.p
df> <./images/all_min4-6_path-eps-converted-to.pdf> <./images/all_min7-9_path-e
ps-converted-to.pdf> <./images/all_min10_path-eps-converted-to.pdf>]
(./bare_jrnl_comsoc.aux)

LaTeX Warning: There were undefined references.


LaTeX Warning: There were multiply-defined labels.

 ) 
Here is how much of TeX's memory you used:
 5404 strings out of 493085
 82218 string characters out of 6136916
 144613 words of memory out of 5000000
 8724 multiletter control sequences out of 15000+600000
 148410 words of font info for 190 fonts, out of 8000000 for 9000
 1144 hyphenation exceptions out of 8191
 53i,9n,92p,2400b,422s stack positions out of 5000i,500n,10000p,200000b,80000s
{/usr/share/texlive/texmf-dist/fonts/enc/dvips/newtx/ntx-ot1-tlf.enc}{/usr/sh
are/texlive/texmf-dist/fonts/enc/dvips/base/8r.enc}</usr/share/texmf/fonts/type
1/public/tex-gyre/qtmr.pfb></usr/share/texlive/texmf-dist/fonts/type1/public/ne
wtx/rntxmi.pfb></usr/share/texlive/texmf-dist/fonts/type1/public/newtx/rntxmi7.
pfb></usr/share/texlive/texmf-dist/fonts/type1/public/txfonts/rtxmi.pfb></usr/s
hare/texlive/texmf-dist/fonts/type1/public/txfonts/rtxr.pfb></usr/share/texlive
/texmf-dist/fonts/type1/public/txfonts/txex.pfb></usr/share/texlive/texmf-dist/
fonts/type1/public/txfonts/txsy.pfb></usr/share/texlive/texmf-dist/fonts/type1/
public/txfonts/txsya.pfb></usr/share/texlive/texmf-dist/fonts/type1/urw/times/u
tmb8a.pfb></usr/share/texlive/texmf-dist/fonts/type1/urw/times/utmbi8a.pfb></us
r/share/texlive/texmf-dist/fonts/type1/urw/times/utmr8a.pfb></usr/share/texlive
/texmf-dist/fonts/type1/urw/times/utmri8a.pfb>
Output written on bare_jrnl_comsoc.pdf (15 pages, 543874 bytes).
PDF statistics:
 423 PDF objects out of 1000 (max. 8388607)
 255 compressed objects within 3 object streams
 0 named destinations out of 1000 (max. 500000)
 146 words of extra memory for PDF output out of 10000 (max. 10000000)

